Info: Starting: Create block symbol file (.bsf)
Info: qsys-generate C:\Users\pitch\Desktop\quartus\lab_6.1\lab61soc.qsys --block-symbol-file --output-directory=C:\Users\pitch\Desktop\quartus\lab_6.1\lab61soc --family="MAX 10" --part=10M50DAF484C7G
Progress: Loading lab_6.1/lab61soc.qsys
Progress: Reading input file
Progress: Adding LED [altera_avalon_pio 18.1]
Progress: Parameterizing module LED
Progress: Adding accumulate [altera_avalon_pio 18.1]
Progress: Parameterizing module accumulate
Progress: Adding clk_0 [clock_source 18.1]
Progress: Parameterizing module clk_0
Progress: Adding nios2_gen2_0 [altera_nios2_gen2 18.1]
Progress: Parameterizing module nios2_gen2_0
Progress: Adding onchip_memory2_0 [altera_avalon_onchip_memory2 18.1]
Progress: Parameterizing module onchip_memory2_0
Progress: Adding sdram [altera_avalon_new_sdram_controller 18.1]
Progress: Parameterizing module sdram
Progress: Adding sdram_pll [altpll 18.1]
Progress: Parameterizing module sdram_pll
Progress: Adding sw [altera_avalon_pio 18.1]
Progress: Parameterizing module sw
Progress: Adding sysid_qsys_0 [altera_avalon_sysid_qsys 18.1]
Progress: Parameterizing module sysid_qsys_0
Progress: Building connections
Progress: Parameterizing connections
Progress: Validating
Progress: Done reading input file
Info: lab61soc.accumulate: PIO inputs are not hardwired in test bench. Undefined values will be read from PIO inputs during simulation.
Info: lab61soc.sdram: SDRAM Controller will only be supported in Quartus Prime Standard Edition in the future release.
Info: lab61soc.sw: PIO inputs are not hardwired in test bench. Undefined values will be read from PIO inputs during simulation.
Info: lab61soc.sysid_qsys_0: System ID is not assigned automatically. Edit the System ID parameter to provide a unique ID
Info: lab61soc.sysid_qsys_0: Time stamp will be automatically updated when this component is generated.
Info: qsys-generate succeeded.
Info: Finished: Create block symbol file (.bsf)
Info: 
Info: Starting: Create HDL design files for synthesis
Info: qsys-generate C:\Users\pitch\Desktop\quartus\lab_6.1\lab61soc.qsys --synthesis=VERILOG --output-directory=C:\Users\pitch\Desktop\quartus\lab_6.1\lab61soc\synthesis --family="MAX 10" --part=10M50DAF484C7G
Progress: Loading lab_6.1/lab61soc.qsys
Progress: Reading input file
Progress: Adding LED [altera_avalon_pio 18.1]
Progress: Parameterizing module LED
Progress: Adding accumulate [altera_avalon_pio 18.1]
Progress: Parameterizing module accumulate
Progress: Adding clk_0 [clock_source 18.1]
Progress: Parameterizing module clk_0
Progress: Adding nios2_gen2_0 [altera_nios2_gen2 18.1]
Progress: Parameterizing module nios2_gen2_0
Progress: Adding onchip_memory2_0 [altera_avalon_onchip_memory2 18.1]
Progress: Parameterizing module onchip_memory2_0
Progress: Adding sdram [altera_avalon_new_sdram_controller 18.1]
Progress: Parameterizing module sdram
Progress: Adding sdram_pll [altpll 18.1]
Progress: Parameterizing module sdram_pll
Progress: Adding sw [altera_avalon_pio 18.1]
Progress: Parameterizing module sw
Progress: Adding sysid_qsys_0 [altera_avalon_sysid_qsys 18.1]
Progress: Parameterizing module sysid_qsys_0
Progress: Building connections
Progress: Parameterizing connections
Progress: Validating
Progress: Done reading input file
Info: lab61soc.accumulate: PIO inputs are not hardwired in test bench. Undefined values will be read from PIO inputs during simulation.
Info: lab61soc.sdram: SDRAM Controller will only be supported in Quartus Prime Standard Edition in the future release.
Info: lab61soc.sw: PIO inputs are not hardwired in test bench. Undefined values will be read from PIO inputs during simulation.
Info: lab61soc.sysid_qsys_0: System ID is not assigned automatically. Edit the System ID parameter to provide a unique ID
Info: lab61soc.sysid_qsys_0: Time stamp will be automatically updated when this component is generated.
Info: lab61soc: Generating lab61soc "lab61soc" for QUARTUS_SYNTH
Info: Inserting clock-crossing logic between cmd_demux.src4 and cmd_mux_004.sink0
Info: Inserting clock-crossing logic between cmd_demux_001.src4 and cmd_mux_004.sink1
Info: Inserting clock-crossing logic between rsp_demux_004.src0 and rsp_mux.sink4
Info: Inserting clock-crossing logic between rsp_demux_004.src1 and rsp_mux_001.sink4
Info: LED: Starting RTL generation for module 'lab61soc_LED'
Info: LED:   Generation command is [exec C:/users/pitch/.cisco/quartus/bin64/perl/bin/perl.exe -I C:/users/pitch/.cisco/quartus/bin64/perl/lib -I C:/users/pitch/.cisco/quartus/sopc_builder/bin/europa -I C:/users/pitch/.cisco/quartus/sopc_builder/bin/perl_lib -I C:/users/pitch/.cisco/quartus/sopc_builder/bin -I C:/users/pitch/.cisco/quartus/../ip/altera/sopc_builder_ip/common -I C:/users/pitch/.cisco/quartus/../ip/altera/sopc_builder_ip/altera_avalon_pio -- C:/users/pitch/.cisco/quartus/../ip/altera/sopc_builder_ip/altera_avalon_pio/generate_rtl.pl --name=lab61soc_LED --dir=C:/Users/pitch/AppData/Local/Temp/alt9422_8232287205908262428.dir/0195_LED_gen/ --quartus_dir=C:/users/pitch/.cisco/quartus --verilog --config=C:/Users/pitch/AppData/Local/Temp/alt9422_8232287205908262428.dir/0195_LED_gen//lab61soc_LED_component_configuration.pl  --do_build_sim=0  ]
Info: LED: Done RTL generation for module 'lab61soc_LED'
Info: LED: "lab61soc" instantiated altera_avalon_pio "LED"
Info: accumulate: Starting RTL generation for module 'lab61soc_accumulate'
Info: accumulate:   Generation command is [exec C:/users/pitch/.cisco/quartus/bin64/perl/bin/perl.exe -I C:/users/pitch/.cisco/quartus/bin64/perl/lib -I C:/users/pitch/.cisco/quartus/sopc_builder/bin/europa -I C:/users/pitch/.cisco/quartus/sopc_builder/bin/perl_lib -I C:/users/pitch/.cisco/quartus/sopc_builder/bin -I C:/users/pitch/.cisco/quartus/../ip/altera/sopc_builder_ip/common -I C:/users/pitch/.cisco/quartus/../ip/altera/sopc_builder_ip/altera_avalon_pio -- C:/users/pitch/.cisco/quartus/../ip/altera/sopc_builder_ip/altera_avalon_pio/generate_rtl.pl --name=lab61soc_accumulate --dir=C:/Users/pitch/AppData/Local/Temp/alt9422_8232287205908262428.dir/0196_accumulate_gen/ --quartus_dir=C:/users/pitch/.cisco/quartus --verilog --config=C:/Users/pitch/AppData/Local/Temp/alt9422_8232287205908262428.dir/0196_accumulate_gen//lab61soc_accumulate_component_configuration.pl  --do_build_sim=0  ]
Info: accumulate: Done RTL generation for module 'lab61soc_accumulate'
Info: accumulate: "lab61soc" instantiated altera_avalon_pio "accumulate"
Info: nios2_gen2_0: "lab61soc" instantiated altera_nios2_gen2 "nios2_gen2_0"
Info: onchip_memory2_0: Starting RTL generation for module 'lab61soc_onchip_memory2_0'
Info: onchip_memory2_0:   Generation command is [exec C:/users/pitch/.cisco/quartus/bin64/perl/bin/perl.exe -I C:/users/pitch/.cisco/quartus/bin64/perl/lib -I C:/users/pitch/.cisco/quartus/sopc_builder/bin/europa -I C:/users/pitch/.cisco/quartus/sopc_builder/bin/perl_lib -I C:/users/pitch/.cisco/quartus/sopc_builder/bin -I C:/users/pitch/.cisco/quartus/../ip/altera/sopc_builder_ip/common -I C:/users/pitch/.cisco/quartus/../ip/altera/sopc_builder_ip/altera_avalon_onchip_memory2 -- C:/users/pitch/.cisco/quartus/../ip/altera/sopc_builder_ip/altera_avalon_onchip_memory2/generate_rtl.pl --name=lab61soc_onchip_memory2_0 --dir=C:/Users/pitch/AppData/Local/Temp/alt9422_8232287205908262428.dir/0197_onchip_memory2_0_gen/ --quartus_dir=C:/users/pitch/.cisco/quartus --verilog --config=C:/Users/pitch/AppData/Local/Temp/alt9422_8232287205908262428.dir/0197_onchip_memory2_0_gen//lab61soc_onchip_memory2_0_component_configuration.pl  --do_build_sim=0  ]
Info: onchip_memory2_0: Done RTL generation for module 'lab61soc_onchip_memory2_0'
Info: onchip_memory2_0: "lab61soc" instantiated altera_avalon_onchip_memory2 "onchip_memory2_0"
Info: sdram: Starting RTL generation for module 'lab61soc_sdram'
Info: sdram:   Generation command is [exec C:/users/pitch/.cisco/quartus/bin64/perl/bin/perl.exe -I C:/users/pitch/.cisco/quartus/bin64/perl/lib -I C:/users/pitch/.cisco/quartus/sopc_builder/bin/europa -I C:/users/pitch/.cisco/quartus/sopc_builder/bin/perl_lib -I C:/users/pitch/.cisco/quartus/sopc_builder/bin -I C:/users/pitch/.cisco/quartus/../ip/altera/sopc_builder_ip/common -I C:/users/pitch/.cisco/quartus/../ip/altera/sopc_builder_ip/altera_avalon_new_sdram_controller -- C:/users/pitch/.cisco/quartus/../ip/altera/sopc_builder_ip/altera_avalon_new_sdram_controller/generate_rtl.pl --name=lab61soc_sdram --dir=C:/Users/pitch/AppData/Local/Temp/alt9422_8232287205908262428.dir/0198_sdram_gen/ --quartus_dir=C:/users/pitch/.cisco/quartus --verilog --config=C:/Users/pitch/AppData/Local/Temp/alt9422_8232287205908262428.dir/0198_sdram_gen//lab61soc_sdram_component_configuration.pl  --do_build_sim=0  ]
Info: sdram: Done RTL generation for module 'lab61soc_sdram'
Info: sdram: "lab61soc" instantiated altera_avalon_new_sdram_controller "sdram"
Info: sdram_pll: "lab61soc" instantiated altpll "sdram_pll"
Info: sw: Starting RTL generation for module 'lab61soc_sw'
Info: sw:   Generation command is [exec C:/users/pitch/.cisco/quartus/bin64/perl/bin/perl.exe -I C:/users/pitch/.cisco/quartus/bin64/perl/lib -I C:/users/pitch/.cisco/quartus/sopc_builder/bin/europa -I C:/users/pitch/.cisco/quartus/sopc_builder/bin/perl_lib -I C:/users/pitch/.cisco/quartus/sopc_builder/bin -I C:/users/pitch/.cisco/quartus/../ip/altera/sopc_builder_ip/common -I C:/users/pitch/.cisco/quartus/../ip/altera/sopc_builder_ip/altera_avalon_pio -- C:/users/pitch/.cisco/quartus/../ip/altera/sopc_builder_ip/altera_avalon_pio/generate_rtl.pl --name=lab61soc_sw --dir=C:/Users/pitch/AppData/Local/Temp/alt9422_8232287205908262428.dir/0201_sw_gen/ --quartus_dir=C:/users/pitch/.cisco/quartus --verilog --config=C:/Users/pitch/AppData/Local/Temp/alt9422_8232287205908262428.dir/0201_sw_gen//lab61soc_sw_component_configuration.pl  --do_build_sim=0  ]
Info: sw: Done RTL generation for module 'lab61soc_sw'
Info: sw: "lab61soc" instantiated altera_avalon_pio "sw"
Info: sysid_qsys_0: "lab61soc" instantiated altera_avalon_sysid_qsys "sysid_qsys_0"
Info: avalon_st_adapter: Inserting error_adapter: error_adapter_0
Info: avalon_st_adapter_001: Inserting error_adapter: error_adapter_0
Info: avalon_st_adapter_002: Inserting error_adapter: error_adapter_0
Info: avalon_st_adapter_003: Inserting error_adapter: error_adapter_0
Info: avalon_st_adapter_004: Inserting error_adapter: error_adapter_0
Info: avalon_st_adapter_005: Inserting error_adapter: error_adapter_0
Info: avalon_st_adapter_006: Inserting error_adapter: error_adapter_0
Info: avalon_st_adapter_007: Inserting error_adapter: error_adapter_0
Info: mm_interconnect_0: "lab61soc" instantiated altera_mm_interconnect "mm_interconnect_0"
Info: irq_mapper: "lab61soc" instantiated altera_irq_mapper "irq_mapper"
Info: rst_controller: "lab61soc" instantiated altera_reset_controller "rst_controller"
Info: cpu: Starting RTL generation for module 'lab61soc_nios2_gen2_0_cpu'
Info: cpu:   Generation command is [exec C:/Users/pitch/.cisco/quartus/bin64//eperlcmd.exe -I C:/Users/pitch/.cisco/quartus/bin64//perl/lib -I C:/users/pitch/.cisco/quartus/sopc_builder/bin/europa -I C:/users/pitch/.cisco/quartus/sopc_builder/bin/perl_lib -I C:/users/pitch/.cisco/quartus/sopc_builder/bin -I C:/users/pitch/.cisco/quartus/../ip/altera/nios2_ip/altera_nios2_gen2/cpu_lib -I C:/users/pitch/.cisco/quartus/../ip/altera/nios2_ip/altera_nios2_gen2/nios_lib -I C:/users/pitch/.cisco/quartus/../ip/altera/nios2_ip/altera_nios2_gen2 -I C:/users/pitch/.cisco/quartus/../ip/altera/nios2_ip/altera_nios2_gen2 -- C:/users/pitch/.cisco/quartus/../ip/altera/nios2_ip/altera_nios2_gen2/generate_rtl.epl --name=lab61soc_nios2_gen2_0_cpu --dir=C:/Users/pitch/AppData/Local/Temp/alt9422_8232287205908262428.dir/0205_cpu_gen/ --quartus_bindir=C:/Users/pitch/.cisco/quartus/bin64/ --verilog --config=C:/Users/pitch/AppData/Local/Temp/alt9422_8232287205908262428.dir/0205_cpu_gen//lab61soc_nios2_gen2_0_cpu_processor_configuration.pl  --do_build_sim=0  ]
Info: cpu: # 2023.03.06 15:48:27 (*) Starting Nios II generation
Info: cpu: # 2023.03.06 15:48:27 (*)   Checking for plaintext license.
Info: cpu: # 2023.03.06 15:48:27 (*)   Couldn't query license setup in Quartus directory C:/Users/pitch/.cisco/quartus/bin64/
Info: cpu: # 2023.03.06 15:48:27 (*)   Defaulting to contents of LM_LICENSE_FILE environment variable
Info: cpu: # 2023.03.06 15:48:27 (*)   LM_LICENSE_FILE environment variable is empty
Info: cpu: # 2023.03.06 15:48:27 (*)   Plaintext license not found.
Info: cpu: # 2023.03.06 15:48:27 (*)   No license required to generate encrypted Nios II/e.
Info: cpu: # 2023.03.06 15:48:27 (*)   Elaborating CPU configuration settings
Info: cpu: # 2023.03.06 15:48:27 (*)   Creating all objects for CPU
Info: cpu: # 2023.03.06 15:48:28 (*)   Generating RTL from CPU objects
Info: cpu: # 2023.03.06 15:48:28 (*)   Creating plain-text RTL
Info: cpu: # 2023.03.06 15:48:28 (*) Done Nios II generation
Info: cpu: Done RTL generation for module 'lab61soc_nios2_gen2_0_cpu'
Info: cpu: "nios2_gen2_0" instantiated altera_nios2_gen2_unit "cpu"
Info: nios2_gen2_0_data_master_translator: "mm_interconnect_0" instantiated altera_merlin_master_translator "nios2_gen2_0_data_master_translator"
Info: sysid_qsys_0_control_slave_translator: "mm_interconnect_0" instantiated altera_merlin_slave_translator "sysid_qsys_0_control_slave_translator"
Info: nios2_gen2_0_data_master_agent: "mm_interconnect_0" instantiated altera_merlin_master_agent "nios2_gen2_0_data_master_agent"
Info: sysid_qsys_0_control_slave_agent: "mm_interconnect_0" instantiated altera_merlin_slave_agent "sysid_qsys_0_control_slave_agent"
Info: sysid_qsys_0_control_slave_agent_rsp_fifo: "mm_interconnect_0" instantiated altera_avalon_sc_fifo "sysid_qsys_0_control_slave_agent_rsp_fifo"
Info: router: "mm_interconnect_0" instantiated altera_merlin_router "router"
Info: router_002: "mm_interconnect_0" instantiated altera_merlin_router "router_002"
Info: router_006: "mm_interconnect_0" instantiated altera_merlin_router "router_006"
Info: sdram_s1_burst_adapter: "mm_interconnect_0" instantiated altera_merlin_burst_adapter "sdram_s1_burst_adapter"
Info: cmd_demux: "mm_interconnect_0" instantiated altera_merlin_demultiplexer "cmd_demux"
Info: cmd_mux: "mm_interconnect_0" instantiated altera_merlin_multiplexer "cmd_mux"
Info: rsp_demux: "mm_interconnect_0" instantiated altera_merlin_demultiplexer "rsp_demux"
Info: rsp_mux: "mm_interconnect_0" instantiated altera_merlin_multiplexer "rsp_mux"
Info: Reusing file C:/Users/pitch/Desktop/quartus/lab_6.1/lab61soc/synthesis/submodules/altera_merlin_arbitrator.sv
Info: sdram_s1_rsp_width_adapter: "mm_interconnect_0" instantiated altera_merlin_width_adapter "sdram_s1_rsp_width_adapter"
Info: Reusing file C:/Users/pitch/Desktop/quartus/lab_6.1/lab61soc/synthesis/submodules/altera_merlin_address_alignment.sv
Info: Reusing file C:/Users/pitch/Desktop/quartus/lab_6.1/lab61soc/synthesis/submodules/altera_merlin_burst_uncompressor.sv
Info: crosser: "mm_interconnect_0" instantiated altera_avalon_st_handshake_clock_crosser "crosser"
Info: Reusing file C:/Users/pitch/Desktop/quartus/lab_6.1/lab61soc/synthesis/submodules/altera_avalon_st_pipeline_base.v
Info: avalon_st_adapter: "mm_interconnect_0" instantiated altera_avalon_st_adapter "avalon_st_adapter"
Info: avalon_st_adapter_004: "mm_interconnect_0" instantiated altera_avalon_st_adapter "avalon_st_adapter_004"
Info: error_adapter_0: "avalon_st_adapter" instantiated error_adapter "error_adapter_0"
Info: error_adapter_0: "avalon_st_adapter_004" instantiated error_adapter "error_adapter_0"
Info: lab61soc: Done "lab61soc" with 32 modules, 57 files
Info: qsys-generate succeeded.
Info: Finished: Create HDL design files for synthesis
